-3330
0 17 -45
0 42 57
1 0 0
1 8 0
1 26 -25
1 45 -61
2 3 13
2 8 -59
2 13 22
2 22 6
2 29 58
2 30 21
2 45 -81
2 48 59
3 0 -3
3 13 -77
3 27 46
3 32 3
3 35 48
3 38 36
3 39 68
3 48 64
4 10 -17
4 19 57
4 27 64
5 8 38
5 12 0
5 28 -70
5 29 -76
5 36 -90
6 7 -77
6 12 -34
6 14 -6
6 20 81
6 31 -78
6 49 -88
7 3 46
7 14 59
7 16 -42
7 22 -89
7 24 3
7 25 61
7 26 62
7 30 -19
7 31 -51
7 47 -32
8 6 -25
8 15 21
8 19 -50
8 26 -5
8 34 27
8 49 44
9 3 -76
9 6 76
9 21 -68
9 22 -23
9 24 -19
9 29 -75
9 35 -63
9 40 50
9 41 -24
10 18 -6
10 22 -21
10 24 -14
10 26 43
10 31 67
10 39 -100
10 41 -70
10 44 -47
10 45 11
11 2 -99
12 3 -95
12 13 62
12 25 -36
12 34 -84
12 46 -81
13 4 -65
13 21 27
13 40 -77
13 45 -17
14 0 24
14 9 -78
14 10 -58
14 23 53
15 7 40
15 25 53
15 29 -67
15 39 18
15 40 -18
15 45 -66
16 3 75
16 17 -74
16 23 -32
16 38 -11
16 41 41
17 8 -15
17 12 40
17 22 78
17 26 53
17 29 -16
17 33 -95
18 7 -45
18 16 61
18 37 61
19 7 -62
19 17 55
19 22 59
19 25 12
19 36 -51
19 48 23
20 34 -56
20 36 -1
20 48 -16
21 10 -65
21 18 -68
21 24 55
21 25 -3
21 30 -68
21 39 -92
22 14 5
22 24 24
22 31 -45
23 6 -3
23 9 -33
23 12 44
23 29 22
23 40 -92
23 47 11
24 19 23
24 28 -23
25 0 -24
25 3 54
25 23 36
25 47 47
26 6 52
26 22 1
26 23 47
26 24 41
26 31 9
27 8 -67
27 11 51
27 13 -7
27 19 63
27 29 -55
27 34 -52
27 38 -72
28 4 -67
29 4 74
29 10 -100
29 31 19
29 44 49
29 47 -73
30 4 24
30 10 -84
30 13 -41
30 33 -67
30 36 -51
30 49 -81
31 38 -34
32 4 44
32 11 -89
32 18 -46
32 21 75
32 22 -53
32 23 -84
32 30 -90
32 34 -59
32 35 33
32 42 -69
33 3 -98
33 7 40
33 8 -6
33 14 -91
33 32 -93
34 4 16
34 14 -59
34 25 -19
35 1 47
35 6 -18
35 10 -15
35 12 41
35 22 1
35 28 -76
35 34 -50
35 49 -43
36 2 -63
36 6 51
36 9 -81
36 15 63
36 18 58
36 21 -58
36 43 -65
36 46 -51
37 17 33
37 30 19
37 44 -57
38 12 47
38 23 33
38 42 50
39 6 43
39 11 55
39 23 -61
39 31 -10
39 40 -83
40 0 -68
40 7 19
40 16 55
40 43 -12
40 46 50
40 48 30
41 18 5
41 31 -77
41 35 -74
42 2 -54
42 5 -81
42 6 32
42 7 -39
42 16 -26
42 24 -76
42 29 40
42 39 -45
43 0 17
43 9 -61
43 17 2
44 6 13
44 7 47
44 8 -12
45 5 -6
45 8 -100
45 48 21
46 24 20
46 31 -97
47 16 -94
47 21 38
47 33 41
47 37 -50
47 44 -24
47 48 -18
48 6 -42
48 12 34
48 21 -68
48 23 7
48 27 -41
48 28 -47
48 37 -79
48 46 30
48 49 -48
49 19 12
49 22 -18
49 32 26
49 37 -83
